<?xml version="1.0" encoding="UTF-8"?>
<!-- Generated by org.testng.reporters.JUnitReportReporter -->
<testsuite hostname="APIN-AMNAIK" failures="0" tests="6" name="selnium.Registration_Test" time="40.136" errors="0" timestamp="2025-09-15T16:51:47 IST" skipped="0">
  <testcase classname="selnium.Registration_Test" name="RegistrationFlow" time="8.140"/>
  <testcase classname="selnium.Registration_Test" name="RegistrationFlow" time="16.153"/>
  <testcase classname="selnium.Registration_Test" name="NavigatetoPageDeatils" time="9.213"/>
  <testcase classname="selnium.Registration_Test" name="ProjectDetails_Page" time="2.308"/>
  <testcase classname="selnium.Registration_Test" name="ProjectDetails_Page" time="1.778"/>
  <testcase classname="selnium.Registration_Test" name="ProjectDetails_Page" time="2.544"/>
</testsuite> <!-- selnium.Registration_Test -->
