<?xml version="1.0" encoding="UTF-8"?>
<!-- Generated by org.testng.reporters.JUnitReportReporter -->
<testsuite hostname="APIN-AMNAIK" failures="0" tests="3" name="selnium.Registration_Test" time="23.120" errors="0" timestamp="2025-09-12T10:09:17 IST" skipped="0">
  <testcase classname="selnium.Registration_Test" name="RegistrationFlow" time="11.226"/>
  <testcase classname="selnium.Registration_Test" name="RegistrationFlow" time="6.578"/>
  <testcase classname="selnium.Registration_Test" name="ProjectDetails_Page" time="5.316"/>
</testsuite> <!-- selnium.Registration_Test -->
