<?xml version="1.0" encoding="UTF-8"?>
<!-- Generated by org.testng.reporters.JUnitReportReporter -->
<testsuite hostname="APIN-AMNAIK" failures="0" tests="7" name="selnium.Registration_Test" time="28.203" errors="0" timestamp="2025-09-16T11:48:53 IST" skipped="0">
  <testcase classname="selnium.Registration_Test" name="RegistrationFlow" time="8.294"/>
  <testcase classname="selnium.Registration_Test" name="RegistrationFlow" time="9.561"/>
  <testcase classname="selnium.Registration_Test" name="NavigatetoPageDeatils" time="5.019"/>
  <testcase classname="selnium.Registration_Test" name="ProjectDetails_Page" time="1.130"/>
  <testcase classname="selnium.Registration_Test" name="ProjectDetails_Page" time="1.051"/>
  <testcase classname="selnium.Registration_Test" name="ProjectDetails_Page" time="1.108"/>
  <testcase classname="selnium.Registration_Test" name="Deselect_Row" time="2.040"/>
</testsuite> <!-- selnium.Registration_Test -->
