<?xml version="1.0" encoding="UTF-8"?>
<!-- Generated by org.testng.reporters.JUnitReportReporter -->
<testsuite hostname="APIN-AMNAIK" failures="0" tests="4" name="selnium.Login_Test" time="4.596" errors="0" timestamp="2025-09-07T17:48:30 IST" skipped="0">
  <testcase classname="selnium.Login_Test" name="LoginPage" time="4.339"/>
  <testcase classname="selnium.Login_Test" name="VerifyImg" time="0.115"/>
  <testcase classname="selnium.Login_Test" name="VerifyImg2" time="0.076"/>
  <testcase classname="selnium.Login_Test" name="VerifyTitle" time="0.066"/>
</testsuite> <!-- selnium.Login_Test -->
